<?xml version="1.0" encoding="UTF-8"?>
<robot generator="Robot 7.4.1 (Python 3.12.8 on win32)" generated="2026-02-14T18:33:57.883723" rpa="false" schemaversion="5">
<suite id="s1" name="Test Checkout" source="C:\test_auto_portefolio_VCA\saucedemo\robotframework\tests\test_checkout.robot">
<test id="s1-t1" name="Checkout Complete Order" line="19">
<kw name="Open And Login" owner="Login">
<kw name="Open Browser" owner="SeleniumLibrary">
<msg time="2026-02-14T18:33:58.172693" level="INFO">Opening browser 'chrome' to base url 'https://www.saucedemo.com/'.</msg>
<arg>${URL}</arg>
<arg>chrome</arg>
<arg>options=add_argument("--incognito")</arg>
<doc>Opens a new browser instance to the optional ``url``.</doc>
<status status="PASS" start="2026-02-14T18:33:58.172693" elapsed="1.407336"/>
</kw>
<kw name="Login With Credentials" owner="Login">
<kw name="Enter Username" owner="Login">
<kw name="Wait Until Element Is Visible" owner="SeleniumLibrary">
<arg>${USERNAME_INPUT}</arg>
<arg>timeout=10s</arg>
<doc>Waits until the element ``locator`` is visible.</doc>
<status status="PASS" start="2026-02-14T18:33:59.581025" elapsed="0.043935"/>
</kw>
<kw name="Input Text" owner="SeleniumLibrary">
<msg time="2026-02-14T18:33:59.625960" level="INFO">Typing text 'standard_user' into text field 'id=user-name'.</msg>
<arg>${USERNAME_INPUT}</arg>
<arg>${username}</arg>
<doc>Types the given ``text`` into the text field identified by ``locator``.</doc>
<status status="PASS" start="2026-02-14T18:33:59.624960" elapsed="0.192170"/>
</kw>
<arg>${username}</arg>
<doc>Permet de saisir le nom de l'utilisateur passé en paramètre</doc>
<status status="PASS" start="2026-02-14T18:33:59.581025" elapsed="0.236105"/>
</kw>
<kw name="Enter Password" owner="Login">
<kw name="Input Text" owner="SeleniumLibrary">
<msg time="2026-02-14T18:33:59.818192" level="INFO">Typing text 'secret_sauce' into text field 'id=password'.</msg>
<arg>${PASSWORD_INPUT}</arg>
<arg>${password}</arg>
<doc>Types the given ``text`` into the text field identified by ``locator``.</doc>
<status status="PASS" start="2026-02-14T18:33:59.818192" elapsed="0.109295"/>
</kw>
<arg>${password}</arg>
<doc>Permet de saisir le mot de passe passé en paramètre</doc>
<status status="PASS" start="2026-02-14T18:33:59.817130" elapsed="0.110357"/>
</kw>
<kw name="Click Login Button" owner="Login">
<kw name="Click Button" owner="SeleniumLibrary">
<msg time="2026-02-14T18:33:59.927487" level="INFO">Clicking button 'id=login-button'.</msg>
<arg>${LOGIN_BUTTON}</arg>
<doc>Clicks the button identified by ``locator``.</doc>
<status status="PASS" start="2026-02-14T18:33:59.927487" elapsed="0.146320"/>
</kw>
<doc>Permet de cliquer sur le bouton de login</doc>
<status status="PASS" start="2026-02-14T18:33:59.927487" elapsed="0.155800"/>
</kw>
<arg>${USER_NAME}</arg>
<arg>${USER_PWD}</arg>
<doc>Permet de loguer un utilisateur avec un son username, et son mot de passe</doc>
<status status="PASS" start="2026-02-14T18:33:59.580029" elapsed="0.503258"/>
</kw>
<kw name="Inventory Should Be Visible" owner="Login">
<kw name="Location Should Contain" owner="SeleniumLibrary">
<msg time="2026-02-14T18:34:00.095769" level="INFO">Current location contains 'inventory.html'.</msg>
<arg>inventory.html</arg>
<doc>Verifies that the current URL contains ``expected``.</doc>
<status status="PASS" start="2026-02-14T18:34:00.084295" elapsed="0.011474"/>
</kw>
<doc>Permet de vérifier que l'url contient bien inventory.html</doc>
<status status="PASS" start="2026-02-14T18:34:00.083287" elapsed="0.012482"/>
</kw>
<arg>${URL}</arg>
<arg>${USER_NAME}</arg>
<arg>${USER_PWD}</arg>
<doc>Permet d'ouvrir le navigateur et se loguer à l'application</doc>
<status status="PASS" start="2026-02-14T18:33:58.172693" elapsed="1.923076"/>
</kw>
<kw name="Add Item From Inventory" owner="inventory">
<kw name="Set Variable" owner="BuiltIn">
<msg time="2026-02-14T18:34:00.097766" level="INFO">${locator} = xpath=//div[text()='Sauce Labs Backpack']/ancestor::div[@class='inventory_item']//button</msg>
<var>${locator}</var>
<arg>xpath=//div[text()='${item_name}']/ancestor::div[@class='inventory_item']//button</arg>
<doc>Returns the given values which can then be assigned to a variables.</doc>
<status status="PASS" start="2026-02-14T18:34:00.096802" elapsed="0.000964"/>
</kw>
<kw name="Wait Until Element Is Visible" owner="SeleniumLibrary">
<arg>${locator}</arg>
<arg>timeout=10s</arg>
<doc>Waits until the element ``locator`` is visible.</doc>
<status status="PASS" start="2026-02-14T18:34:00.097766" elapsed="0.030102"/>
</kw>
<kw name="Wait Until Element Is Enabled" owner="SeleniumLibrary">
<arg>${locator}</arg>
<arg>timeout=10s</arg>
<doc>Waits until the element ``locator`` is enabled.</doc>
<status status="PASS" start="2026-02-14T18:34:00.127868" elapsed="0.022019"/>
</kw>
<kw name="Get Text" owner="SeleniumLibrary">
<msg time="2026-02-14T18:34:00.180591" level="INFO">${text} = Add to cart</msg>
<var>${text}</var>
<arg>${locator}</arg>
<doc>Returns the text value of the element identified by ``locator``.</doc>
<status status="PASS" start="2026-02-14T18:34:00.149887" elapsed="0.030704"/>
</kw>
<kw name="Strip String" owner="String">
<msg time="2026-02-14T18:34:00.180591" level="INFO">${text} = Add to cart</msg>
<var>${text}</var>
<arg>${text}</arg>
<doc>Remove leading and/or trailing whitespaces from the given string.</doc>
<status status="PASS" start="2026-02-14T18:34:00.180591" elapsed="0.000000"/>
</kw>
<kw name="Should Be Equal" owner="BuiltIn">
<arg>${text}</arg>
<arg>Add to cart</arg>
<arg>Bouton inattendu : ${text}</arg>
<doc>Fails if the given objects are unequal.</doc>
<status status="PASS" start="2026-02-14T18:34:00.180591" elapsed="0.000000"/>
</kw>
<kw name="Click Element" owner="SeleniumLibrary">
<msg time="2026-02-14T18:34:00.180591" level="INFO">Clicking element 'xpath=//div[text()='Sauce Labs Backpack']/ancestor::div[@class='inventory_item']//button'.</msg>
<arg>${locator}</arg>
<doc>Click the element identified by ``locator``.</doc>
<status status="PASS" start="2026-02-14T18:34:00.180591" elapsed="0.094745"/>
</kw>
<kw name="Set Variable" owner="BuiltIn">
<msg time="2026-02-14T18:34:00.275336" level="INFO">${locator} = xpath=//div[text()='Sauce Labs Backpack']/ancestor::div[@class='inventory_item']//button</msg>
<var>${locator}</var>
<arg>xpath=//div[text()='${item_name}']/ancestor::div[@class='inventory_item']//button</arg>
<doc>Returns the given values which can then be assigned to a variables.</doc>
<status status="PASS" start="2026-02-14T18:34:00.275336" elapsed="0.000000"/>
</kw>
<kw name="Wait Until Element Is Visible" owner="SeleniumLibrary">
<arg>${locator}</arg>
<arg>timeout=10s</arg>
<doc>Waits until the element ``locator`` is visible.</doc>
<status status="PASS" start="2026-02-14T18:34:00.275336" elapsed="0.020135"/>
</kw>
<kw name="Wait Until Element Is Enabled" owner="SeleniumLibrary">
<arg>${locator}</arg>
<arg>timeout=10s</arg>
<doc>Waits until the element ``locator`` is enabled.</doc>
<status status="PASS" start="2026-02-14T18:34:00.295471" elapsed="0.024337"/>
</kw>
<kw name="Get Text" owner="SeleniumLibrary">
<msg time="2026-02-14T18:34:00.333994" level="INFO">${text} = Remove</msg>
<var>${text}</var>
<arg>${locator}</arg>
<doc>Returns the text value of the element identified by ``locator``.</doc>
<status status="PASS" start="2026-02-14T18:34:00.319808" elapsed="0.014186"/>
</kw>
<kw name="Strip String" owner="String">
<msg time="2026-02-14T18:34:00.333994" level="INFO">${text} = Remove</msg>
<var>${text}</var>
<arg>${text}</arg>
<doc>Remove leading and/or trailing whitespaces from the given string.</doc>
<status status="PASS" start="2026-02-14T18:34:00.333994" elapsed="0.000000"/>
</kw>
<kw name="Should Be Equal" owner="BuiltIn">
<arg>${text}</arg>
<arg>Remove</arg>
<arg>Bouton inattendu : ${text}</arg>
<doc>Fails if the given objects are unequal.</doc>
<status status="PASS" start="2026-02-14T18:34:00.333994" elapsed="0.000000"/>
</kw>
<arg>${ITEM_NAME}</arg>
<doc>Ajouter un article passé en paramètre au panier et vérifier le label du bouton avant et après l'ajout</doc>
<status status="PASS" start="2026-02-14T18:34:00.096802" elapsed="0.237192"/>
</kw>
<kw name="Go To Cart" owner="inventory">
<kw name="Wait Until Element Is Visible" owner="SeleniumLibrary">
<arg>${SHOPPING_CART_LINK}</arg>
<arg>timeout=10s</arg>
<doc>Waits until the element ``locator`` is visible.</doc>
<status status="PASS" start="2026-02-14T18:34:00.333994" elapsed="0.015967"/>
</kw>
<kw name="Wait Until Element Is Enabled" owner="SeleniumLibrary">
<arg>${SHOPPING_CART_LINK}</arg>
<arg>timeout=10s</arg>
<doc>Waits until the element ``locator`` is enabled.</doc>
<status status="PASS" start="2026-02-14T18:34:00.349961" elapsed="0.031336"/>
</kw>
<kw name="Click Element" owner="SeleniumLibrary">
<msg time="2026-02-14T18:34:00.381297" level="INFO">Clicking element 'css=.shopping_cart_link'.</msg>
<arg>${SHOPPING_CART_LINK}</arg>
<doc>Click the element identified by ``locator``.</doc>
<status status="PASS" start="2026-02-14T18:34:00.381297" elapsed="0.090463"/>
</kw>
<doc>Permet d'aller sur la page du panier</doc>
<status status="PASS" start="2026-02-14T18:34:00.333994" elapsed="0.137766"/>
</kw>
<kw name="Click Checkout" owner="cart">
<kw name="Wait Until Element Is Visible" owner="SeleniumLibrary">
<arg>${CHECKOUT}</arg>
<arg>timeout=10s</arg>
<doc>Waits until the element ``locator`` is visible.</doc>
<status status="PASS" start="2026-02-14T18:34:00.472791" elapsed="0.027264"/>
</kw>
<kw name="Wait Until Element Is Enabled" owner="SeleniumLibrary">
<arg>${CHECKOUT}</arg>
<arg>timeout=10s</arg>
<doc>Waits until the element ``locator`` is enabled.</doc>
<status status="PASS" start="2026-02-14T18:34:00.500055" elapsed="0.029896"/>
</kw>
<kw name="Click Element" owner="SeleniumLibrary">
<msg time="2026-02-14T18:34:00.530945" level="INFO">Clicking element 'id=checkout'.</msg>
<arg>${CHECKOUT}</arg>
<doc>Click the element identified by ``locator``.</doc>
<status status="PASS" start="2026-02-14T18:34:00.529951" elapsed="0.082278"/>
</kw>
<doc>Permet d'aller sur la page de checkout</doc>
<status status="PASS" start="2026-02-14T18:34:00.471760" elapsed="0.140469"/>
</kw>
<kw name="Enter Firstname" owner="checkout">
<kw name="Wait Until Page Contains Element" owner="SeleniumLibrary">
<arg>${FIRST_NAME}</arg>
<arg>timeout=15s</arg>
<doc>Waits until the element ``locator`` appears on the current page.</doc>
<status status="PASS" start="2026-02-14T18:34:00.612229" elapsed="0.022299"/>
</kw>
<kw name="Click Element" owner="SeleniumLibrary">
<msg time="2026-02-14T18:34:00.635529" level="INFO">Clicking element 'id=first-name'.</msg>
<arg>${FIRST_NAME}</arg>
<doc>Click the element identified by ``locator``.</doc>
<status status="PASS" start="2026-02-14T18:34:00.634528" elapsed="0.082870"/>
</kw>
<kw name="Input Text" owner="SeleniumLibrary">
<msg time="2026-02-14T18:34:00.717398" level="INFO">Typing text 'ABDC' into text field 'id=first-name'.</msg>
<arg>${FIRST_NAME}</arg>
<arg>${data}</arg>
<doc>Types the given ``text`` into the text field identified by ``locator``.</doc>
<status status="PASS" start="2026-02-14T18:34:00.717398" elapsed="0.082566"/>
</kw>
<arg>ABDC</arg>
<doc>Permet de remplir le champs prénom dans le formulaire</doc>
<status status="PASS" start="2026-02-14T18:34:00.612229" elapsed="0.187735"/>
</kw>
<kw name="Enter Lastname" owner="checkout">
<kw name="Wait Until Page Contains Element" owner="SeleniumLibrary">
<arg>${LAST_NAME}</arg>
<arg>timeout=10s</arg>
<doc>Waits until the element ``locator`` appears on the current page.</doc>
<status status="PASS" start="2026-02-14T18:34:00.801522" elapsed="0.017281"/>
</kw>
<kw name="Input Text" owner="SeleniumLibrary">
<msg time="2026-02-14T18:34:00.818803" level="INFO">Typing text 'efgh' into text field 'id=last-name'.</msg>
<arg>${LAST_NAME}</arg>
<arg>${data}</arg>
<doc>Types the given ``text`` into the text field identified by ``locator``.</doc>
<status status="PASS" start="2026-02-14T18:34:00.818803" elapsed="0.098609"/>
</kw>
<arg>efgh</arg>
<doc>Permet de remplir le champs nom de famille</doc>
<status status="PASS" start="2026-02-14T18:34:00.800976" elapsed="0.116436"/>
</kw>
<kw name="Enter Zipcode" owner="checkout">
<kw name="Wait Until Page Contains Element" owner="SeleniumLibrary">
<arg>${POSTAL_CODE}</arg>
<arg>timeout=10s</arg>
<doc>Waits until the element ``locator`` appears on the current page.</doc>
<status status="PASS" start="2026-02-14T18:34:00.917412" elapsed="0.024817"/>
</kw>
<kw name="Input Text" owner="SeleniumLibrary">
<msg time="2026-02-14T18:34:00.942229" level="INFO">Typing text '33000' into text field 'id=postal-code'.</msg>
<arg>${POSTAL_CODE}</arg>
<arg>${data}</arg>
<doc>Types the given ``text`` into the text field identified by ``locator``.</doc>
<status status="PASS" start="2026-02-14T18:34:00.942229" elapsed="0.107198"/>
</kw>
<arg>33000</arg>
<doc>Permet de remplir le champs code postal</doc>
<status status="PASS" start="2026-02-14T18:34:00.917412" elapsed="0.132015"/>
</kw>
<kw name="Click Continue Button" owner="checkout">
<kw name="Click Button" owner="SeleniumLibrary">
<msg time="2026-02-14T18:34:01.050978" level="INFO">Clicking button 'id=continue'.</msg>
<arg>${CONTINUE}</arg>
<doc>Clicks the button identified by ``locator``.</doc>
<status status="PASS" start="2026-02-14T18:34:01.049964" elapsed="0.120756"/>
</kw>
<doc>Permet de cliquer sur le bouton 'Continue'</doc>
<status status="PASS" start="2026-02-14T18:34:01.049964" elapsed="0.120756"/>
</kw>
<kw name="Click Finish Button" owner="checkout">
<kw name="Click Button" owner="SeleniumLibrary">
<msg time="2026-02-14T18:34:01.172519" level="INFO">Clicking button 'id=finish'.</msg>
<arg>${FINISH}</arg>
<doc>Clicks the button identified by ``locator``.</doc>
<status status="PASS" start="2026-02-14T18:34:01.172002" elapsed="0.115102"/>
</kw>
<doc>Permet de cliquer sur le bouton 'Finish'</doc>
<status status="PASS" start="2026-02-14T18:34:01.170720" elapsed="0.116384"/>
</kw>
<kw name="Is Order Complete" owner="checkout">
<kw name="Run Keyword And Return Status" owner="BuiltIn">
<kw name="Element Should Be Visible" owner="SeleniumLibrary">
<msg time="2026-02-14T18:34:01.315735" level="INFO">Element 'css=.complete-header' is displayed.</msg>
<arg>css=.complete-header</arg>
<doc>Verifies that the element identified by ``locator`` is visible.</doc>
<status status="PASS" start="2026-02-14T18:34:01.287104" elapsed="0.028631"/>
</kw>
<msg time="2026-02-14T18:34:01.315735" level="INFO">${is_visible} = True</msg>
<var>${is_visible}</var>
<arg>Element Should Be Visible</arg>
<arg>css=.complete-header</arg>
<doc>Runs the specified keyword and returns the status as a Boolean value.</doc>
<status status="PASS" start="2026-02-14T18:34:01.287104" elapsed="0.028631"/>
</kw>
<return>
<value>${is_visible}</value>
<status status="PASS" start="2026-02-14T18:34:01.315735" elapsed="0.001000"/>
</return>
<msg time="2026-02-14T18:34:01.316735" level="INFO">${order_complete} = True</msg>
<var>${order_complete}</var>
<doc>Vérifie si le message "THANK YOU FOR YOUR ORDER" est affiché</doc>
<status status="PASS" start="2026-02-14T18:34:01.287104" elapsed="0.029631"/>
</kw>
<kw name="Should Be True" owner="BuiltIn">
<arg>${order_complete}</arg>
<doc>Fails if the given condition is not true.</doc>
<status status="PASS" start="2026-02-14T18:34:01.316735" elapsed="0.000000"/>
</kw>
<doc>Test du happy path pour le checkout complete order</doc>
<status status="PASS" start="2026-02-14T18:33:58.172693" elapsed="3.145045"/>
</test>
<test id="s1-t2" name="Checkout Missing Info" line="48">
<kw name="Open And Login" owner="Login">
<kw name="Open Browser" owner="SeleniumLibrary">
<msg time="2026-02-14T18:34:01.318735" level="INFO">Opening browser 'chrome' to base url 'https://www.saucedemo.com/'.</msg>
<arg>${URL}</arg>
<arg>chrome</arg>
<arg>options=add_argument("--incognito")</arg>
<doc>Opens a new browser instance to the optional ``url``.</doc>
<status status="PASS" start="2026-02-14T18:34:01.318735" elapsed="1.399079"/>
</kw>
<kw name="Login With Credentials" owner="Login">
<kw name="Enter Username" owner="Login">
<kw name="Wait Until Element Is Visible" owner="SeleniumLibrary">
<arg>${USERNAME_INPUT}</arg>
<arg>timeout=10s</arg>
<doc>Waits until the element ``locator`` is visible.</doc>
<status status="PASS" start="2026-02-14T18:34:02.717814" elapsed="0.050875"/>
</kw>
<kw name="Input Text" owner="SeleniumLibrary">
<msg time="2026-02-14T18:34:02.768689" level="INFO">Typing text 'standard_user' into text field 'id=user-name'.</msg>
<arg>${USERNAME_INPUT}</arg>
<arg>${username}</arg>
<doc>Types the given ``text`` into the text field identified by ``locator``.</doc>
<status status="PASS" start="2026-02-14T18:34:02.768689" elapsed="0.215696"/>
</kw>
<arg>${username}</arg>
<doc>Permet de saisir le nom de l'utilisateur passé en paramètre</doc>
<status status="PASS" start="2026-02-14T18:34:02.717814" elapsed="0.266571"/>
</kw>
<kw name="Enter Password" owner="Login">
<kw name="Input Text" owner="SeleniumLibrary">
<msg time="2026-02-14T18:34:02.984385" level="INFO">Typing text 'secret_sauce' into text field 'id=password'.</msg>
<arg>${PASSWORD_INPUT}</arg>
<arg>${password}</arg>
<doc>Types the given ``text`` into the text field identified by ``locator``.</doc>
<status status="PASS" start="2026-02-14T18:34:02.984385" elapsed="0.178172"/>
</kw>
<arg>${password}</arg>
<doc>Permet de saisir le mot de passe passé en paramètre</doc>
<status status="PASS" start="2026-02-14T18:34:02.984385" elapsed="0.180219"/>
</kw>
<kw name="Click Login Button" owner="Login">
<kw name="Click Button" owner="SeleniumLibrary">
<msg time="2026-02-14T18:34:03.164604" level="INFO">Clicking button 'id=login-button'.</msg>
<arg>${LOGIN_BUTTON}</arg>
<doc>Clicks the button identified by ``locator``.</doc>
<status status="PASS" start="2026-02-14T18:34:03.164604" elapsed="0.211537"/>
</kw>
<doc>Permet de cliquer sur le bouton de login</doc>
<status status="PASS" start="2026-02-14T18:34:03.164604" elapsed="0.211537"/>
</kw>
<arg>${USER_NAME}</arg>
<arg>${USER_PWD}</arg>
<doc>Permet de loguer un utilisateur avec un son username, et son mot de passe</doc>
<status status="PASS" start="2026-02-14T18:34:02.717814" elapsed="0.658327"/>
</kw>
<kw name="Inventory Should Be Visible" owner="Login">
<kw name="Location Should Contain" owner="SeleniumLibrary">
<msg time="2026-02-14T18:34:03.398909" level="INFO">Current location contains 'inventory.html'.</msg>
<arg>inventory.html</arg>
<doc>Verifies that the current URL contains ``expected``.</doc>
<status status="PASS" start="2026-02-14T18:34:03.381593" elapsed="0.017316"/>
</kw>
<doc>Permet de vérifier que l'url contient bien inventory.html</doc>
<status status="PASS" start="2026-02-14T18:34:03.381593" elapsed="0.017316"/>
</kw>
<arg>${URL}</arg>
<arg>${USER_NAME}</arg>
<arg>${USER_PWD}</arg>
<doc>Permet d'ouvrir le navigateur et se loguer à l'application</doc>
<status status="PASS" start="2026-02-14T18:34:01.318735" elapsed="2.080174"/>
</kw>
<kw name="Add Item From Inventory" owner="inventory">
<kw name="Set Variable" owner="BuiltIn">
<msg time="2026-02-14T18:34:03.399909" level="INFO">${locator} = xpath=//div[text()='Sauce Labs Backpack']/ancestor::div[@class='inventory_item']//button</msg>
<var>${locator}</var>
<arg>xpath=//div[text()='${item_name}']/ancestor::div[@class='inventory_item']//button</arg>
<doc>Returns the given values which can then be assigned to a variables.</doc>
<status status="PASS" start="2026-02-14T18:34:03.399909" elapsed="0.000000"/>
</kw>
<kw name="Wait Until Element Is Visible" owner="SeleniumLibrary">
<arg>${locator}</arg>
<arg>timeout=10s</arg>
<doc>Waits until the element ``locator`` is visible.</doc>
<status status="PASS" start="2026-02-14T18:34:03.399909" elapsed="0.041670"/>
</kw>
<kw name="Wait Until Element Is Enabled" owner="SeleniumLibrary">
<arg>${locator}</arg>
<arg>timeout=10s</arg>
<doc>Waits until the element ``locator`` is enabled.</doc>
<status status="PASS" start="2026-02-14T18:34:03.441579" elapsed="0.035318"/>
</kw>
<kw name="Get Text" owner="SeleniumLibrary">
<msg time="2026-02-14T18:34:03.507731" level="INFO">${text} = Add to cart</msg>
<var>${text}</var>
<arg>${locator}</arg>
<doc>Returns the text value of the element identified by ``locator``.</doc>
<status status="PASS" start="2026-02-14T18:34:03.476897" elapsed="0.030834"/>
</kw>
<kw name="Strip String" owner="String">
<msg time="2026-02-14T18:34:03.507731" level="INFO">${text} = Add to cart</msg>
<var>${text}</var>
<arg>${text}</arg>
<doc>Remove leading and/or trailing whitespaces from the given string.</doc>
<status status="PASS" start="2026-02-14T18:34:03.507731" elapsed="0.000000"/>
</kw>
<kw name="Should Be Equal" owner="BuiltIn">
<arg>${text}</arg>
<arg>Add to cart</arg>
<arg>Bouton inattendu : ${text}</arg>
<doc>Fails if the given objects are unequal.</doc>
<status status="PASS" start="2026-02-14T18:34:03.507731" elapsed="0.000000"/>
</kw>
<kw name="Click Element" owner="SeleniumLibrary">
<msg time="2026-02-14T18:34:03.513228" level="INFO">Clicking element 'xpath=//div[text()='Sauce Labs Backpack']/ancestor::div[@class='inventory_item']//button'.</msg>
<arg>${locator}</arg>
<doc>Click the element identified by ``locator``.</doc>
<status status="PASS" start="2026-02-14T18:34:03.507731" elapsed="0.098745"/>
</kw>
<kw name="Set Variable" owner="BuiltIn">
<msg time="2026-02-14T18:34:03.606476" level="INFO">${locator} = xpath=//div[text()='Sauce Labs Backpack']/ancestor::div[@class='inventory_item']//button</msg>
<var>${locator}</var>
<arg>xpath=//div[text()='${item_name}']/ancestor::div[@class='inventory_item']//button</arg>
<doc>Returns the given values which can then be assigned to a variables.</doc>
<status status="PASS" start="2026-02-14T18:34:03.606476" elapsed="0.000000"/>
</kw>
<kw name="Wait Until Element Is Visible" owner="SeleniumLibrary">
<arg>${locator}</arg>
<arg>timeout=10s</arg>
<doc>Waits until the element ``locator`` is visible.</doc>
<status status="PASS" start="2026-02-14T18:34:03.606476" elapsed="0.019271"/>
</kw>
<kw name="Wait Until Element Is Enabled" owner="SeleniumLibrary">
<arg>${locator}</arg>
<arg>timeout=10s</arg>
<doc>Waits until the element ``locator`` is enabled.</doc>
<status status="PASS" start="2026-02-14T18:34:03.625747" elapsed="0.022992"/>
</kw>
<kw name="Get Text" owner="SeleniumLibrary">
<msg time="2026-02-14T18:34:03.650737" level="INFO">${text} = Remove</msg>
<var>${text}</var>
<arg>${locator}</arg>
<doc>Returns the text value of the element identified by ``locator``.</doc>
<status status="PASS" start="2026-02-14T18:34:03.648739" elapsed="0.001998"/>
</kw>
<kw name="Strip String" owner="String">
<msg time="2026-02-14T18:34:03.666557" level="INFO">${text} = Remove</msg>
<var>${text}</var>
<arg>${text}</arg>
<doc>Remove leading and/or trailing whitespaces from the given string.</doc>
<status status="PASS" start="2026-02-14T18:34:03.666557" elapsed="0.000000"/>
</kw>
<kw name="Should Be Equal" owner="BuiltIn">
<arg>${text}</arg>
<arg>Remove</arg>
<arg>Bouton inattendu : ${text}</arg>
<doc>Fails if the given objects are unequal.</doc>
<status status="PASS" start="2026-02-14T18:34:03.666557" elapsed="0.000000"/>
</kw>
<arg>${ITEM_NAME}</arg>
<doc>Ajouter un article passé en paramètre au panier et vérifier le label du bouton avant et après l'ajout</doc>
<status status="PASS" start="2026-02-14T18:34:03.399909" elapsed="0.266648"/>
</kw>
<kw name="Go To Cart" owner="inventory">
<kw name="Wait Until Element Is Visible" owner="SeleniumLibrary">
<arg>${SHOPPING_CART_LINK}</arg>
<arg>timeout=10s</arg>
<doc>Waits until the element ``locator`` is visible.</doc>
<status status="PASS" start="2026-02-14T18:34:03.668563" elapsed="0.023040"/>
</kw>
<kw name="Wait Until Element Is Enabled" owner="SeleniumLibrary">
<arg>${SHOPPING_CART_LINK}</arg>
<arg>timeout=10s</arg>
<doc>Waits until the element ``locator`` is enabled.</doc>
<status status="PASS" start="2026-02-14T18:34:03.691603" elapsed="0.030982"/>
</kw>
<kw name="Click Element" owner="SeleniumLibrary">
<msg time="2026-02-14T18:34:03.722585" level="INFO">Clicking element 'css=.shopping_cart_link'.</msg>
<arg>${SHOPPING_CART_LINK}</arg>
<doc>Click the element identified by ``locator``.</doc>
<status status="PASS" start="2026-02-14T18:34:03.722585" elapsed="0.100274"/>
</kw>
<doc>Permet d'aller sur la page du panier</doc>
<status status="PASS" start="2026-02-14T18:34:03.668563" elapsed="0.154628"/>
</kw>
<kw name="Click Checkout" owner="cart">
<kw name="Wait Until Element Is Visible" owner="SeleniumLibrary">
<arg>${CHECKOUT}</arg>
<arg>timeout=10s</arg>
<doc>Waits until the element ``locator`` is visible.</doc>
<status status="PASS" start="2026-02-14T18:34:03.823191" elapsed="0.033866"/>
</kw>
<kw name="Wait Until Element Is Enabled" owner="SeleniumLibrary">
<arg>${CHECKOUT}</arg>
<arg>timeout=10s</arg>
<doc>Waits until the element ``locator`` is enabled.</doc>
<status status="PASS" start="2026-02-14T18:34:03.857057" elapsed="0.032832"/>
</kw>
<kw name="Click Element" owner="SeleniumLibrary">
<msg time="2026-02-14T18:34:03.889889" level="INFO">Clicking element 'id=checkout'.</msg>
<arg>${CHECKOUT}</arg>
<doc>Click the element identified by ``locator``.</doc>
<status status="PASS" start="2026-02-14T18:34:03.889889" elapsed="0.100386"/>
</kw>
<doc>Permet d'aller sur la page de checkout</doc>
<status status="PASS" start="2026-02-14T18:34:03.823191" elapsed="0.167084"/>
</kw>
<kw name="Click Continue Button" owner="checkout">
<kw name="Click Button" owner="SeleniumLibrary">
<msg time="2026-02-14T18:34:03.994806" level="INFO">Clicking button 'id=continue'.</msg>
<arg>${CONTINUE}</arg>
<doc>Clicks the button identified by ``locator``.</doc>
<status status="PASS" start="2026-02-14T18:34:03.990275" elapsed="0.120980"/>
</kw>
<doc>Permet de cliquer sur le bouton 'Continue'</doc>
<status status="PASS" start="2026-02-14T18:34:03.990275" elapsed="0.120980"/>
</kw>
<kw name="Get Checkout Error Message" owner="checkout">
<kw name="Run Keyword And Return Status" owner="BuiltIn">
<kw name="Element Should Be Visible" owner="SeleniumLibrary">
<msg time="2026-02-14T18:34:04.140645" level="INFO">Element 'css=.error-message-container' is displayed.</msg>
<arg>css=.error-message-container</arg>
<doc>Verifies that the element identified by ``locator`` is visible.</doc>
<status status="PASS" start="2026-02-14T18:34:04.111255" elapsed="0.030388"/>
</kw>
<msg time="2026-02-14T18:34:04.141643" level="INFO">${is_visible} = True</msg>
<var>${is_visible}</var>
<arg>Element Should Be Visible</arg>
<arg>css=.error-message-container</arg>
<doc>Runs the specified keyword and returns the status as a Boolean value.</doc>
<status status="PASS" start="2026-02-14T18:34:04.111255" elapsed="0.030388"/>
</kw>
<if>
<branch type="IF" condition="${is_visible}">
<kw name="Get Text" owner="SeleniumLibrary">
<msg time="2026-02-14T18:34:04.149967" level="INFO">${msg} = Error: First Name is required</msg>
<var>${msg}</var>
<arg>css=.error-message-container</arg>
<doc>Returns the text value of the element identified by ``locator``.</doc>
<status status="PASS" start="2026-02-14T18:34:04.141643" elapsed="0.008324"/>
</kw>
<status status="PASS" start="2026-02-14T18:34:04.141643" elapsed="0.008324"/>
</branch>
<branch type="ELSE">
<kw name="Set Variable" owner="BuiltIn">
<var>${msg}</var>
<arg>${EMPTY}</arg>
<doc>Returns the given values which can then be assigned to a variables.</doc>
<status status="NOT RUN" start="2026-02-14T18:34:04.149967" elapsed="0.000000"/>
</kw>
<status status="NOT RUN" start="2026-02-14T18:34:04.149967" elapsed="0.000000"/>
</branch>
<status status="PASS" start="2026-02-14T18:34:04.141643" elapsed="0.008324"/>
</if>
<return>
<value>${msg}</value>
<status status="PASS" start="2026-02-14T18:34:04.149967" elapsed="0.000000"/>
</return>
<msg time="2026-02-14T18:34:04.149967" level="INFO">${error_message} = Error: First Name is required</msg>
<var>${error_message}</var>
<doc>Récupère le texte du message d'erreur s'il existe, sinon retourne une chaîne vide</doc>
<status status="PASS" start="2026-02-14T18:34:04.111255" elapsed="0.038712"/>
</kw>
<kw name="Should Contain" owner="BuiltIn">
<arg>${error_message}</arg>
<arg>Error</arg>
<doc>Fails if ``container`` does not contain ``item`` one or more times.</doc>
<status status="PASS" start="2026-02-14T18:34:04.149967" elapsed="0.000000"/>
</kw>
<doc>Test du checkout dans le cas où on n'a pas rempli les information du formulaire</doc>
<status status="PASS" start="2026-02-14T18:34:01.317738" elapsed="2.832229"/>
</test>
<test id="s1-t3" name="Checkout Cancel And Return To Cart" line="71">
<kw name="Open And Login" owner="Login">
<kw name="Open Browser" owner="SeleniumLibrary">
<msg time="2026-02-14T18:34:04.165358" level="INFO">Opening browser 'chrome' to base url 'https://www.saucedemo.com/'.</msg>
<arg>${URL}</arg>
<arg>chrome</arg>
<arg>options=add_argument("--incognito")</arg>
<doc>Opens a new browser instance to the optional ``url``.</doc>
<status status="PASS" start="2026-02-14T18:34:04.165358" elapsed="1.475563"/>
</kw>
<kw name="Login With Credentials" owner="Login">
<kw name="Enter Username" owner="Login">
<kw name="Wait Until Element Is Visible" owner="SeleniumLibrary">
<arg>${USERNAME_INPUT}</arg>
<arg>timeout=10s</arg>
<doc>Waits until the element ``locator`` is visible.</doc>
<status status="PASS" start="2026-02-14T18:34:05.640921" elapsed="0.054768"/>
</kw>
<kw name="Input Text" owner="SeleniumLibrary">
<msg time="2026-02-14T18:34:05.695689" level="INFO">Typing text 'standard_user' into text field 'id=user-name'.</msg>
<arg>${USERNAME_INPUT}</arg>
<arg>${username}</arg>
<doc>Types the given ``text`` into the text field identified by ``locator``.</doc>
<status status="PASS" start="2026-02-14T18:34:05.695689" elapsed="0.215789"/>
</kw>
<arg>${username}</arg>
<doc>Permet de saisir le nom de l'utilisateur passé en paramètre</doc>
<status status="PASS" start="2026-02-14T18:34:05.640921" elapsed="0.270557"/>
</kw>
<kw name="Enter Password" owner="Login">
<kw name="Input Text" owner="SeleniumLibrary">
<msg time="2026-02-14T18:34:05.911478" level="INFO">Typing text 'secret_sauce' into text field 'id=password'.</msg>
<arg>${PASSWORD_INPUT}</arg>
<arg>${password}</arg>
<doc>Types the given ``text`` into the text field identified by ``locator``.</doc>
<status status="PASS" start="2026-02-14T18:34:05.911478" elapsed="0.135366"/>
</kw>
<arg>${password}</arg>
<doc>Permet de saisir le mot de passe passé en paramètre</doc>
<status status="PASS" start="2026-02-14T18:34:05.911478" elapsed="0.135366"/>
</kw>
<kw name="Click Login Button" owner="Login">
<kw name="Click Button" owner="SeleniumLibrary">
<msg time="2026-02-14T18:34:06.046844" level="INFO">Clicking button 'id=login-button'.</msg>
<arg>${LOGIN_BUTTON}</arg>
<doc>Clicks the button identified by ``locator``.</doc>
<status status="PASS" start="2026-02-14T18:34:06.046844" elapsed="0.173624"/>
</kw>
<doc>Permet de cliquer sur le bouton de login</doc>
<status status="PASS" start="2026-02-14T18:34:06.046844" elapsed="0.173624"/>
</kw>
<arg>${USER_NAME}</arg>
<arg>${USER_PWD}</arg>
<doc>Permet de loguer un utilisateur avec un son username, et son mot de passe</doc>
<status status="PASS" start="2026-02-14T18:34:05.640921" elapsed="0.579547"/>
</kw>
<kw name="Inventory Should Be Visible" owner="Login">
<kw name="Location Should Contain" owner="SeleniumLibrary">
<msg time="2026-02-14T18:34:06.240799" level="INFO">Current location contains 'inventory.html'.</msg>
<arg>inventory.html</arg>
<doc>Verifies that the current URL contains ``expected``.</doc>
<status status="PASS" start="2026-02-14T18:34:06.220468" elapsed="0.020331"/>
</kw>
<doc>Permet de vérifier que l'url contient bien inventory.html</doc>
<status status="PASS" start="2026-02-14T18:34:06.220468" elapsed="0.020331"/>
</kw>
<arg>${URL}</arg>
<arg>${USER_NAME}</arg>
<arg>${USER_PWD}</arg>
<doc>Permet d'ouvrir le navigateur et se loguer à l'application</doc>
<status status="PASS" start="2026-02-14T18:34:04.165358" elapsed="2.075441"/>
</kw>
<kw name="Add Item From Inventory" owner="inventory">
<kw name="Set Variable" owner="BuiltIn">
<msg time="2026-02-14T18:34:06.241796" level="INFO">${locator} = xpath=//div[text()='Sauce Labs Backpack']/ancestor::div[@class='inventory_item']//button</msg>
<var>${locator}</var>
<arg>xpath=//div[text()='${item_name}']/ancestor::div[@class='inventory_item']//button</arg>
<doc>Returns the given values which can then be assigned to a variables.</doc>
<status status="PASS" start="2026-02-14T18:34:06.241796" elapsed="0.000000"/>
</kw>
<kw name="Wait Until Element Is Visible" owner="SeleniumLibrary">
<arg>${locator}</arg>
<arg>timeout=10s</arg>
<doc>Waits until the element ``locator`` is visible.</doc>
<status status="PASS" start="2026-02-14T18:34:06.241796" elapsed="0.033120"/>
</kw>
<kw name="Wait Until Element Is Enabled" owner="SeleniumLibrary">
<arg>${locator}</arg>
<arg>timeout=10s</arg>
<doc>Waits until the element ``locator`` is enabled.</doc>
<status status="PASS" start="2026-02-14T18:34:06.275938" elapsed="0.034806"/>
</kw>
<kw name="Get Text" owner="SeleniumLibrary">
<msg time="2026-02-14T18:34:06.332366" level="INFO">${text} = Add to cart</msg>
<var>${text}</var>
<arg>${locator}</arg>
<doc>Returns the text value of the element identified by ``locator``.</doc>
<status status="PASS" start="2026-02-14T18:34:06.314531" elapsed="0.017835"/>
</kw>
<kw name="Strip String" owner="String">
<msg time="2026-02-14T18:34:06.332366" level="INFO">${text} = Add to cart</msg>
<var>${text}</var>
<arg>${text}</arg>
<doc>Remove leading and/or trailing whitespaces from the given string.</doc>
<status status="PASS" start="2026-02-14T18:34:06.332366" elapsed="0.000000"/>
</kw>
<kw name="Should Be Equal" owner="BuiltIn">
<arg>${text}</arg>
<arg>Add to cart</arg>
<arg>Bouton inattendu : ${text}</arg>
<doc>Fails if the given objects are unequal.</doc>
<status status="PASS" start="2026-02-14T18:34:06.332366" elapsed="0.000000"/>
</kw>
<kw name="Click Element" owner="SeleniumLibrary">
<msg time="2026-02-14T18:34:06.332366" level="INFO">Clicking element 'xpath=//div[text()='Sauce Labs Backpack']/ancestor::div[@class='inventory_item']//button'.</msg>
<arg>${locator}</arg>
<doc>Click the element identified by ``locator``.</doc>
<status status="PASS" start="2026-02-14T18:34:06.332366" elapsed="0.111115"/>
</kw>
<kw name="Set Variable" owner="BuiltIn">
<msg time="2026-02-14T18:34:06.443481" level="INFO">${locator} = xpath=//div[text()='Sauce Labs Backpack']/ancestor::div[@class='inventory_item']//button</msg>
<var>${locator}</var>
<arg>xpath=//div[text()='${item_name}']/ancestor::div[@class='inventory_item']//button</arg>
<doc>Returns the given values which can then be assigned to a variables.</doc>
<status status="PASS" start="2026-02-14T18:34:06.443481" elapsed="0.000000"/>
</kw>
<kw name="Wait Until Element Is Visible" owner="SeleniumLibrary">
<arg>${locator}</arg>
<arg>timeout=10s</arg>
<doc>Waits until the element ``locator`` is visible.</doc>
<status status="PASS" start="2026-02-14T18:34:06.443481" elapsed="0.021101"/>
</kw>
<kw name="Wait Until Element Is Enabled" owner="SeleniumLibrary">
<arg>${locator}</arg>
<arg>timeout=10s</arg>
<doc>Waits until the element ``locator`` is enabled.</doc>
<status status="PASS" start="2026-02-14T18:34:06.465580" elapsed="0.018282"/>
</kw>
<kw name="Get Text" owner="SeleniumLibrary">
<msg time="2026-02-14T18:34:06.515772" level="INFO">${text} = Remove</msg>
<var>${text}</var>
<arg>${locator}</arg>
<doc>Returns the text value of the element identified by ``locator``.</doc>
<status status="PASS" start="2026-02-14T18:34:06.483862" elapsed="0.031910"/>
</kw>
<kw name="Strip String" owner="String">
<msg time="2026-02-14T18:34:06.515772" level="INFO">${text} = Remove</msg>
<var>${text}</var>
<arg>${text}</arg>
<doc>Remove leading and/or trailing whitespaces from the given string.</doc>
<status status="PASS" start="2026-02-14T18:34:06.515772" elapsed="0.000000"/>
</kw>
<kw name="Should Be Equal" owner="BuiltIn">
<arg>${text}</arg>
<arg>Remove</arg>
<arg>Bouton inattendu : ${text}</arg>
<doc>Fails if the given objects are unequal.</doc>
<status status="PASS" start="2026-02-14T18:34:06.515772" elapsed="0.000000"/>
</kw>
<arg>${ITEM_NAME}</arg>
<doc>Ajouter un article passé en paramètre au panier et vérifier le label du bouton avant et après l'ajout</doc>
<status status="PASS" start="2026-02-14T18:34:06.240799" elapsed="0.274973"/>
</kw>
<kw name="Go To Cart" owner="inventory">
<kw name="Wait Until Element Is Visible" owner="SeleniumLibrary">
<arg>${SHOPPING_CART_LINK}</arg>
<arg>timeout=10s</arg>
<doc>Waits until the element ``locator`` is visible.</doc>
<status status="PASS" start="2026-02-14T18:34:06.515772" elapsed="0.016025"/>
</kw>
<kw name="Wait Until Element Is Enabled" owner="SeleniumLibrary">
<arg>${SHOPPING_CART_LINK}</arg>
<arg>timeout=10s</arg>
<doc>Waits until the element ``locator`` is enabled.</doc>
<status status="PASS" start="2026-02-14T18:34:06.531797" elapsed="0.045394"/>
</kw>
<kw name="Click Element" owner="SeleniumLibrary">
<msg time="2026-02-14T18:34:06.577191" level="INFO">Clicking element 'css=.shopping_cart_link'.</msg>
<arg>${SHOPPING_CART_LINK}</arg>
<doc>Click the element identified by ``locator``.</doc>
<status status="PASS" start="2026-02-14T18:34:06.577191" elapsed="0.093648"/>
</kw>
<doc>Permet d'aller sur la page du panier</doc>
<status status="PASS" start="2026-02-14T18:34:06.515772" elapsed="0.156027"/>
</kw>
<kw name="Click Checkout" owner="cart">
<kw name="Wait Until Element Is Visible" owner="SeleniumLibrary">
<arg>${CHECKOUT}</arg>
<arg>timeout=10s</arg>
<doc>Waits until the element ``locator`` is visible.</doc>
<status status="PASS" start="2026-02-14T18:34:06.672379" elapsed="0.028791"/>
</kw>
<kw name="Wait Until Element Is Enabled" owner="SeleniumLibrary">
<arg>${CHECKOUT}</arg>
<arg>timeout=10s</arg>
<doc>Waits until the element ``locator`` is enabled.</doc>
<status status="PASS" start="2026-02-14T18:34:06.702169" elapsed="0.020780"/>
</kw>
<kw name="Click Element" owner="SeleniumLibrary">
<msg time="2026-02-14T18:34:06.732297" level="INFO">Clicking element 'id=checkout'.</msg>
<arg>${CHECKOUT}</arg>
<doc>Click the element identified by ``locator``.</doc>
<status status="PASS" start="2026-02-14T18:34:06.722949" elapsed="0.105310"/>
</kw>
<doc>Permet d'aller sur la page de checkout</doc>
<status status="PASS" start="2026-02-14T18:34:06.671799" elapsed="0.156460"/>
</kw>
<kw name="Click Cancel Button" owner="checkout">
<kw name="Click Button" owner="SeleniumLibrary">
<msg time="2026-02-14T18:34:06.828259" level="INFO">Clicking button 'id=cancel'.</msg>
<arg>${CANCEL}</arg>
<doc>Clicks the button identified by ``locator``.</doc>
<status status="PASS" start="2026-02-14T18:34:06.828259" elapsed="0.165815"/>
</kw>
<doc>Permet de cliquer sur le bouton 'Cancel'</doc>
<status status="PASS" start="2026-02-14T18:34:06.828259" elapsed="0.165815"/>
</kw>
<kw name="Location Should Contain" owner="SeleniumLibrary">
<msg time="2026-02-14T18:34:07.002361" level="INFO">Current location contains 'cart.html'.</msg>
<arg>cart.html</arg>
<doc>Verifies that the current URL contains ``expected``.</doc>
<status status="PASS" start="2026-02-14T18:34:06.994074" elapsed="0.008287"/>
</kw>
<doc>Test du checkout dans le cas où on appuie sur le bouton 'Cancel'</doc>
<status status="PASS" start="2026-02-14T18:34:04.165358" elapsed="2.837003"/>
</test>
<status status="PASS" start="2026-02-14T18:33:57.886932" elapsed="9.116430"/>
</suite>
<statistics>
<total>
<stat pass="3" fail="0" skip="0">All Tests</stat>
</total>
<tag>
</tag>
<suite>
<stat name="Test Checkout" id="s1" pass="3" fail="0" skip="0">Test Checkout</stat>
</suite>
</statistics>
<errors>
</errors>
</robot>
